[0201/161309.427:ERROR:scoped_process_suspend.cc(31)] NtSuspendProcess: An attempt was made to access an exiting process. (0xc000010a)
[0201/161309.578:ERROR:process_info.cc(118)] ReadProcessMemory bool __cdecl crashpad::(anonymous namespace)::ReadStruct(HANDLE, crashpad::WinVMAddress, T *) [T = crashpad::process_types::PEB<crashpad::process_types::internal::Traits64>]: Only part of a ReadProcessMemory or WriteProcessMemory request was completed. (0x12B)
[0201/161309.603:ERROR:process_info.cc(545)] ReadProcessData failed
[0202/151152.790:ERROR:process_memory_win.cc(73)] ReadMemory at 0x96a81f2000 of 57344 bytes failed: Only part of a ReadProcessMemory or WriteProcessMemory request was completed. (0x12B)
[0202/151152.848:ERROR:process_memory_win.cc(73)] ReadMemory at 0x96a83fd000 of 12288 bytes failed: Only part of a ReadProcessMemory or WriteProcessMemory request was completed. (0x12B)
[0202/151152.869:ERROR:process_memory_win.cc(73)] ReadMemory at 0x96a85fd000 of 12288 bytes failed: Only part of a ReadProcessMemory or WriteProcessMemory request was completed. (0x12B)
[0202/151152.869:ERROR:process_memory_win.cc(73)] ReadMemory at 0x96a87fc000 of 16384 bytes failed: Only part of a ReadProcessMemory or WriteProcessMemory request was completed. (0x12B)
[0202/151152.869:ERROR:process_memory_win.cc(73)] ReadMemory at 0x96a89fc000 of 16384 bytes failed: Only part of a ReadProcessMemory or WriteProcessMemory request was completed. (0x12B)
[0202/151152.869:ERROR:process_memory_win.cc(73)] ReadMemory at 0x96a8bfe000 of 8192 bytes failed: Only part of a ReadProcessMemory or WriteProcessMemory request was completed. (0x12B)
[0202/151152.869:ERROR:process_memory_win.cc(73)] ReadMemory at 0x96a8dfd000 of 12288 bytes failed: Only part of a ReadProcessMemory or WriteProcessMemory request was completed. (0x12B)
[0202/151152.869:ERROR:process_memory_win.cc(73)] ReadMemory at 0x96a8ffb000 of 20480 bytes failed: Only part of a ReadProcessMemory or WriteProcessMemory request was completed. (0x12B)
[0202/151152.869:ERROR:process_memory_win.cc(73)] ReadMemory at 0x96a93fd000 of 12288 bytes failed: Only part of a ReadProcessMemory or WriteProcessMemory request was completed. (0x12B)
[0202/151152.869:ERROR:process_memory_win.cc(73)] ReadMemory at 0x96a95fd000 of 12288 bytes failed: Only part of a ReadProcessMemory or WriteProcessMemory request was completed. (0x12B)
[0202/151152.869:ERROR:process_memory_win.cc(73)] ReadMemory at 0x96a97fd000 of 12288 bytes failed: Only part of a ReadProcessMemory or WriteProcessMemory request was completed. (0x12B)
[0202/151152.869:ERROR:process_memory_win.cc(73)] ReadMemory at 0x96a99fd000 of 12288 bytes failed: Only part of a ReadProcessMemory or WriteProcessMemory request was completed. (0x12B)
[0202/151152.869:ERROR:process_memory_win.cc(73)] ReadMemory at 0x96a9bfd000 of 12288 bytes failed: Only part of a ReadProcessMemory or WriteProcessMemory request was completed. (0x12B)
[0202/151152.869:ERROR:process_memory_win.cc(73)] ReadMemory at 0x96a9dfc000 of 16384 bytes failed: Only part of a ReadProcessMemory or WriteProcessMemory request was completed. (0x12B)
[0202/151152.869:ERROR:process_memory_win.cc(73)] ReadMemory at 0x96a9ffc000 of 16384 bytes failed: Only part of a ReadProcessMemory or WriteProcessMemory request was completed. (0x12B)
[0202/151152.869:ERROR:process_memory_win.cc(73)] ReadMemory at 0x96aa1fc000 of 16384 bytes failed: Only part of a ReadProcessMemory or WriteProcessMemory request was completed. (0x12B)
[0202/151152.869:ERROR:process_memory_win.cc(73)] ReadMemory at 0x96aa3fc000 of 16384 bytes failed: Only part of a ReadProcessMemory or WriteProcessMemory request was completed. (0x12B)
[0202/151152.869:ERROR:process_memory_win.cc(73)] ReadMemory at 0x96aa5fd000 of 12288 bytes failed: Only part of a ReadProcessMemory or WriteProcessMemory request was completed. (0x12B)
[0202/151152.869:ERROR:process_memory_win.cc(73)] ReadMemory at 0x96aa7fd000 of 12288 bytes failed: Only part of a ReadProcessMemory or WriteProcessMemory request was completed. (0x12B)
[0202/151152.869:ERROR:process_memory_win.cc(73)] ReadMemory at 0x96a7e28000 of 852 bytes failed: Only part of a ReadProcessMemory or WriteProcessMemory request was completed. (0x12B)
[0202/151152.869:ERROR:process_memory_win.cc(73)] ReadMemory at 0x96a7e29000 of 6024 bytes failed: Only part of a ReadProcessMemory or WriteProcessMemory request was completed. (0x12B)
[0202/151152.869:ERROR:process_memory_win.cc(73)] ReadMemory at 0x96a7e2b000 of 6024 bytes failed: Only part of a ReadProcessMemory or WriteProcessMemory request was completed. (0x12B)
[0202/151152.869:ERROR:process_memory_win.cc(73)] ReadMemory at 0x96a7e2d000 of 6024 bytes failed: Only part of a ReadProcessMemory or WriteProcessMemory request was completed. (0x12B)
[0202/151152.869:ERROR:process_memory_win.cc(73)] ReadMemory at 0x96a7e2f000 of 6024 bytes failed: Only part of a ReadProcessMemory or WriteProcessMemory request was completed. (0x12B)
[0202/151152.869:ERROR:process_memory_win.cc(73)] ReadMemory at 0x96a7e31000 of 6024 bytes failed: Only part of a ReadProcessMemory or WriteProcessMemory request was completed. (0x12B)
[0202/151152.869:ERROR:process_memory_win.cc(73)] ReadMemory at 0x96a7e33000 of 6024 bytes failed: Only part of a ReadProcessMemory or WriteProcessMemory request was completed. (0x12B)
[0202/151152.869:ERROR:process_memory_win.cc(73)] ReadMemory at 0x96a7e35000 of 6024 bytes failed: Only part of a ReadProcessMemory or WriteProcessMemory request was completed. (0x12B)
[0202/151152.869:ERROR:process_memory_win.cc(73)] ReadMemory at 0x96a7e37000 of 6024 bytes failed: Only part of a ReadProcessMemory or WriteProcessMemory request was completed. (0x12B)
[0202/151152.869:ERROR:process_memory_win.cc(73)] ReadMemory at 0x96a7e3b000 of 6024 bytes failed: Only part of a ReadProcessMemory or WriteProcessMemory request was completed. (0x12B)
[0202/151152.869:ERROR:process_memory_win.cc(73)] ReadMemory at 0x96a7e3d000 of 6024 bytes failed: Only part of a ReadProcessMemory or WriteProcessMemory request was completed. (0x12B)
[0202/151152.869:ERROR:process_memory_win.cc(73)] ReadMemory at 0x96a7e3f000 of 6024 bytes failed: Only part of a ReadProcessMemory or WriteProcessMemory request was completed. (0x12B)
[0202/151152.869:ERROR:process_memory_win.cc(73)] ReadMemory at 0x96a7e41000 of 6024 bytes failed: Only part of a ReadProcessMemory or WriteProcessMemory request was completed. (0x12B)
[0202/151152.869:ERROR:process_memory_win.cc(73)] ReadMemory at 0x96a7e43000 of 6024 bytes failed: Only part of a ReadProcessMemory or WriteProcessMemory request was completed. (0x12B)
[0202/151152.869:ERROR:process_memory_win.cc(73)] ReadMemory at 0x96a7e45000 of 6024 bytes failed: Only part of a ReadProcessMemory or WriteProcessMemory request was completed. (0x12B)
[0202/151152.869:ERROR:process_memory_win.cc(73)] ReadMemory at 0x96a7e47000 of 6024 bytes failed: Only part of a ReadProcessMemory or WriteProcessMemory request was completed. (0x12B)
[0202/151152.869:ERROR:process_memory_win.cc(73)] ReadMemory at 0x96a7e49000 of 6024 bytes failed: Only part of a ReadProcessMemory or WriteProcessMemory request was completed. (0x12B)
[0202/151152.869:ERROR:process_memory_win.cc(73)] ReadMemory at 0x96a7e4b000 of 6024 bytes failed: Only part of a ReadProcessMemory or WriteProcessMemory request was completed. (0x12B)
[0202/151152.869:ERROR:process_memory_win.cc(73)] ReadMemory at 0x96a7e4d000 of 6024 bytes failed: Only part of a ReadProcessMemory or WriteProcessMemory request was completed. (0x12B)
[0202/151152.869:ERROR:process_memory_win.cc(73)] ReadMemory at 0x96a7e4f000 of 6024 bytes failed: Only part of a ReadProcessMemory or WriteProcessMemory request was completed. (0x12B)
[0202/151152.869:ERROR:process_memory_win.cc(73)] ReadMemory at 0x1fd0126c1a0 of 512 bytes failed: Only part of a ReadProcessMemory or WriteProcessMemory request was completed. (0x12B)
[0202/151152.869:ERROR:process_memory_win.cc(73)] ReadMemory at 0x1fd012909d0 of 512 bytes failed: Only part of a ReadProcessMemory or WriteProcessMemory request was completed. (0x12B)
[0202/151152.869:ERROR:process_memory_win.cc(73)] ReadMemory at 0x1fd01969248 of 520 bytes failed: Only part of a ReadProcessMemory or WriteProcessMemory request was completed. (0x12B)
[0202/151152.869:ERROR:process_memory_win.cc(73)] ReadMemory at 0x1fd01a3d000 of 112 bytes failed: Only part of a ReadProcessMemory or WriteProcessMemory request was completed. (0x12B)
[0202/151152.869:ERROR:process_memory_win.cc(73)] ReadMemory at 0x1fd01a73eb0 of 512 bytes failed: Only part of a ReadProcessMemory or WriteProcessMemory request was completed. (0x12B)
[0202/151152.869:ERROR:process_memory_win.cc(73)] ReadMemory at 0x1fd01c7cc38 of 512 bytes failed: Only part of a ReadProcessMemory or WriteProcessMemory request was completed. (0x12B)
[0202/151152.869:ERROR:process_memory_win.cc(73)] ReadMemory at 0x1fd024f241d of 512 bytes failed: Only part of a ReadProcessMemory or WriteProcessMemory request was completed. (0x12B)
[0202/151152.869:ERROR:process_memory_win.cc(73)] ReadMemory at 0x1fd7ebf0fe0 of 15368 bytes failed: Only part of a ReadProcessMemory or WriteProcessMemory request was completed. (0x12B)
[0202/151152.869:ERROR:process_memory_win.cc(73)] ReadMemory at 0x1fd7ebf4bf0 of 1012 bytes failed: Only part of a ReadProcessMemory or WriteProcessMemory request was completed. (0x12B)
[0202/151152.869:ERROR:process_memory_win.cc(73)] ReadMemory at 0x1fd7ebf5238 of 118 bytes failed: Only part of a ReadProcessMemory or WriteProcessMemory request was completed. (0x12B)
[0202/151152.869:ERROR:process_memory_win.cc(73)] ReadMemory at 0x1fd7ebf52b0 of 1142 bytes failed: Only part of a ReadProcessMemory or WriteProcessMemory request was completed. (0x12B)
[0202/151152.869:ERROR:process_memory_win.cc(73)] ReadMemory at 0x1fd7ebf5728 of 118 bytes failed: Only part of a ReadProcessMemory or WriteProcessMemory request was completed. (0x12B)
[0202/151152.869:ERROR:process_memory_win.cc(73)] ReadMemory at 0x1fd7ebf57a0 of 96 bytes failed: Only part of a ReadProcessMemory or WriteProcessMemory request was completed. (0x12B)
[0202/151152.869:ERROR:process_memory_win.cc(73)] ReadMemory at 0x1fd7ebf5810 of 58 bytes failed: Only part of a ReadProcessMemory or WriteProcessMemory request was completed. (0x12B)
[0202/151152.869:ERROR:process_memory_win.cc(73)] ReadMemory at 0x1fd7ebf5910 of 132 bytes failed: Only part of a ReadProcessMemory or WriteProcessMemory request was completed. (0x12B)
[0202/151152.869:ERROR:process_memory_win.cc(73)] ReadMemory at 0x1fd7ebf5aa0 of 132 bytes failed: Only part of a ReadProcessMemory or WriteProcessMemory request was completed. (0x12B)
[0202/151152.869:ERROR:process_memory_win.cc(73)] ReadMemory at 0x1fd7ebf5c60 of 126 bytes failed: Only part of a ReadProcessMemory or WriteProcessMemory request was completed. (0x12B)
[0202/151152.869:ERROR:process_memory_win.cc(73)] ReadMemory at 0x1fd7ebf6040 of 132 bytes failed: Only part of a ReadProcessMemory or WriteProcessMemory request was completed. (0x12B)
[0202/151152.869:ERROR:process_memory_win.cc(73)] ReadMemory at 0x1fd7ebf61d0 of 64 bytes failed: Only part of a ReadProcessMemory or WriteProcessMemory request was completed. (0x12B)
[0202/151152.869:ERROR:process_memory_win.cc(73)] ReadMemory at 0x1fd7ebf6330 of 132 bytes failed: Only part of a ReadProcessMemory or WriteProcessMemory request was completed. (0x12B)
[0202/151152.869:ERROR:process_memory_win.cc(73)] ReadMemory at 0x1fd7ebf64c0 of 62 bytes failed: Only part of a ReadProcessMemory or WriteProcessMemory request was completed. (0x12B)
[0202/151152.869:ERROR:process_memory_win.cc(73)] ReadMemory at 0x1fd7ebf6650 of 132 bytes failed: Only part of a ReadProcessMemory or WriteProcessMemory request was completed. (0x12B)
[0202/151152.869:ERROR:process_memory_win.cc(73)] ReadMemory at 0x1fd7ebf67e0 of 68 bytes failed: Only part of a ReadProcessMemory or WriteProcessMemory request was completed. (0x12B)
[0202/151152.869:ERROR:process_memory_win.cc(73)] ReadMemory at 0x1fd7ebfad20 of 132 bytes failed: Only part of a ReadProcessMemory or WriteProcessMemory request was completed. (0x12B)
[0202/151152.869:ERROR:process_memory_win.cc(73)] ReadMemory at 0x1fd7ebfaf60 of 132 bytes failed: Only part of a ReadProcessMemory or WriteProcessMemory request was completed. (0x12B)
[0202/151152.869:ERROR:process_memory_win.cc(73)] ReadMemory at 0x1fd7ebfb0f0 of 62 bytes failed: Only part of a ReadProcessMemory or WriteProcessMemory request was completed. (0x12B)
[0202/151152.869:ERROR:process_memory_win.cc(73)] ReadMemory at 0x1fd7ebfc8c0 of 132 bytes failed: Only part of a ReadProcessMemory or WriteProcessMemory request was completed. (0x12B)
[0202/151152.869:ERROR:process_memory_win.cc(73)] ReadMemory at 0x1fd7ebfc9f0 of 66 bytes failed: Only part of a ReadProcessMemory or WriteProcessMemory request was completed. (0x12B)
[0202/151152.869:ERROR:process_memory_win.cc(73)] ReadMemory at 0x1fd7ebfcc60 of 132 bytes failed: Only part of a ReadProcessMemory or WriteProcessMemory request was completed. (0x12B)
[0202/151152.869:ERROR:process_memory_win.cc(73)] ReadMemory at 0x1fd7ebfcdf0 of 64 bytes failed: Only part of a ReadProcessMemory or WriteProcessMemory request was completed. (0x12B)
[0202/151152.869:ERROR:process_memory_win.cc(73)] ReadMemory at 0x1fd7ebfd050 of 132 bytes failed: Only part of a ReadProcessMemory or WriteProcessMemory request was completed. (0x12B)
[0202/151152.869:ERROR:process_memory_win.cc(73)] ReadMemory at 0x1fd7ebfd1e0 of 60 bytes failed: Only part of a ReadProcessMemory or WriteProcessMemory request was completed. (0x12B)
[0202/151152.869:ERROR:process_memory_win.cc(73)] ReadMemory at 0x1fd7ebfd3c0 of 158 bytes failed: Only part of a ReadProcessMemory or WriteProcessMemory request was completed. (0x12B)
[0202/151152.869:ERROR:process_memory_win.cc(73)] ReadMemory at 0x1fd7ebfd4a0 of 132 bytes failed: Only part of a ReadProcessMemory or WriteProcessMemory request was completed. (0x12B)
[0202/151152.869:ERROR:process_memory_win.cc(73)] ReadMemory at 0x1fd7ebfd630 of 60 bytes failed: Only part of a ReadProcessMemory or WriteProcessMemory request was completed. (0x12B)
[0202/151152.869:ERROR:process_memory_win.cc(73)] ReadMemory at 0x1fd7ebfd790 of 132 bytes failed: Only part of a ReadProcessMemory or WriteProcessMemory request was completed. (0x12B)
[0202/151152.869:ERROR:process_memory_win.cc(73)] ReadMemory at 0x1fd7ebfd920 of 58 bytes failed: Only part of a ReadProcessMemory or WriteProcessMemory request was completed. (0x12B)
[0202/151152.869:ERROR:process_memory_win.cc(73)] ReadMemory at 0x1fd7ebfff40 of 132 bytes failed: Only part of a ReadProcessMemory or WriteProcessMemory request was completed. (0x12B)
[0202/151152.869:ERROR:process_memory_win.cc(73)] ReadMemory at 0x1fd7ec000d0 of 66 bytes failed: Only part of a ReadProcessMemory or WriteProcessMemory request was completed. (0x12B)
[0202/151152.869:ERROR:process_memory_win.cc(73)] ReadMemory at 0x1fd7ec00c70 of 132 bytes failed: Only part of a ReadProcessMemory or WriteProcessMemory request was completed. (0x12B)
[0202/151152.869:ERROR:process_memory_win.cc(73)] ReadMemory at 0x1fd7ec00e50 of 60 bytes failed: Only part of a ReadProcessMemory or WriteProcessMemory request was completed. (0x12B)
[0202/151152.869:ERROR:process_memory_win.cc(73)] ReadMemory at 0x1fd7ec00ea0 of 64 bytes failed: Only part of a ReadProcessMemory or WriteProcessMemory request was completed. (0x12B)
[0202/151152.869:ERROR:process_memory_win.cc(73)] ReadMemory at 0x1fd7ec00ef0 of 60 bytes failed: Only part of a ReadProcessMemory or WriteProcessMemory request was completed. (0x12B)
[0202/151152.869:ERROR:process_memory_win.cc(73)] ReadMemory at 0x1fd7ec00fe0 of 66 bytes failed: Only part of a ReadProcessMemory or WriteProcessMemory request was completed. (0x12B)
[0202/151152.869:ERROR:process_memory_win.cc(73)] ReadMemory at 0x1fd7ec013f0 of 62 bytes failed: Only part of a ReadProcessMemory or WriteProcessMemory request was completed. (0x12B)
[0202/151152.869:ERROR:process_memory_win.cc(73)] ReadMemory at 0x1fd7ec01440 of 62 bytes failed: Only part of a ReadProcessMemory or WriteProcessMemory request was completed. (0x12B)
[0202/151152.869:ERROR:process_memory_win.cc(73)] ReadMemory at 0x1fd7ec014e0 of 58 bytes failed: Only part of a ReadProcessMemory or WriteProcessMemory request was completed. (0x12B)
[0202/151152.869:ERROR:process_memory_win.cc(73)] ReadMemory at 0x1fd7ec01530 of 62 bytes failed: Only part of a ReadProcessMemory or WriteProcessMemory request was completed. (0x12B)
[0202/151152.869:ERROR:process_memory_win.cc(73)] ReadMemory at 0x1fd7ec01580 of 62 bytes failed: Only part of a ReadProcessMemory or WriteProcessMemory request was completed. (0x12B)
[0202/151152.869:ERROR:process_memory_win.cc(73)] ReadMemory at 0x1fd7ec01810 of 132 bytes failed: Only part of a ReadProcessMemory or WriteProcessMemory request was completed. (0x12B)
[0202/151152.869:ERROR:process_memory_win.cc(73)] ReadMemory at 0x1fd7ec02320 of 132 bytes failed: Only part of a ReadProcessMemory or WriteProcessMemory request was completed. (0x12B)
[0202/151152.869:ERROR:process_memory_win.cc(73)] ReadMemory at 0x1fd7ec02630 of 132 bytes failed: Only part of a ReadProcessMemory or WriteProcessMemory request was completed. (0x12B)
[0202/151152.869:ERROR:process_memory_win.cc(73)] ReadMemory at 0x1fd7ec02980 of 132 bytes failed: Only part of a ReadProcessMemory or WriteProcessMemory request was completed. (0x12B)
[0202/151152.869:ERROR:process_memory_win.cc(73)] ReadMemory at 0x1fd7ec02ab0 of 132 bytes failed: Only part of a ReadProcessMemory or WriteProcessMemory request was completed. (0x12B)
[0202/151152.869:ERROR:process_memory_win.cc(73)] ReadMemory at 0x1fd7ec02be0 of 132 bytes failed: Only part of a ReadProcessMemory or WriteProcessMemory request was completed. (0x12B)
[0202/151152.869:ERROR:process_memory_win.cc(73)] ReadMemory at 0x1fd7ec02d10 of 132 bytes failed: Only part of a ReadProcessMemory or WriteProcessMemory request was completed. (0x12B)
[0202/151152.869:ERROR:process_memory_win.cc(73)] ReadMemory at 0x1fd7ec02e40 of 132 bytes failed: Only part of a ReadProcessMemory or WriteProcessMemory request was completed. (0x12B)
[0202/151152.869:ERROR:process_memory_win.cc(73)] ReadMemory at 0x1fd7ec02f70 of 132 bytes failed: Only part of a ReadProcessMemory or WriteProcessMemory request was completed. (0x12B)
[0202/151152.869:ERROR:process_memory_win.cc(73)] ReadMemory at 0x1fd7ec030a0 of 132 bytes failed: Only part of a ReadProcessMemory or WriteProcessMemory request was completed. (0x12B)
[0202/151152.869:ERROR:process_memory_win.cc(73)] ReadMemory at 0x1fd7ec031d0 of 132 bytes failed: Only part of a ReadProcessMemory or WriteProcessMemory request was completed. (0x12B)
[0202/151152.869:ERROR:process_memory_win.cc(73)] ReadMemory at 0x1fd7ec03300 of 132 bytes failed: Only part of a ReadProcessMemory or WriteProcessMemory request was completed. (0x12B)
[0202/151152.869:ERROR:process_memory_win.cc(73)] ReadMemory at 0x1fd7ec03430 of 132 bytes failed: Only part of a ReadProcessMemory or WriteProcessMemory request was completed. (0x12B)
[0202/151152.869:ERROR:process_memory_win.cc(73)] ReadMemory at 0x1fd7ec03560 of 132 bytes failed: Only part of a ReadProcessMemory or WriteProcessMemory request was completed. (0x12B)
[0202/151152.869:ERROR:process_memory_win.cc(73)] ReadMemory at 0x1fd7ec03690 of 132 bytes failed: Only part of a ReadProcessMemory or WriteProcessMemory request was completed. (0x12B)
[0202/151152.869:ERROR:process_memory_win.cc(73)] ReadMemory at 0x1fd7ec037c0 of 132 bytes failed: Only part of a ReadProcessMemory or WriteProcessMemory request was completed. (0x12B)
[0202/151152.869:ERROR:process_memory_win.cc(73)] ReadMemory at 0x1fd7ec03d50 of 154 bytes failed: Only part of a ReadProcessMemory or WriteProcessMemory request was completed. (0x12B)
[0202/151152.869:ERROR:process_memory_win.cc(73)] ReadMemory at 0x1fd7ec0ab30 of 58 bytes failed: Only part of a ReadProcessMemory or WriteProcessMemory request was completed. (0x12B)
[0202/151152.869:ERROR:process_memory_win.cc(73)] ReadMemory at 0x1fd7ec0ab80 of 62 bytes failed: Only part of a ReadProcessMemory or WriteProcessMemory request was completed. (0x12B)
[0202/151152.869:ERROR:process_memory_win.cc(73)] ReadMemory at 0x1fd7ec0adb0 of 64 bytes failed: Only part of a ReadProcessMemory or WriteProcessMemory request was completed. (0x12B)
[0202/151152.869:ERROR:process_memory_win.cc(73)] ReadMemory at 0x1fd7ec0ae00 of 64 bytes failed: Only part of a ReadProcessMemory or WriteProcessMemory request was completed. (0x12B)
[0202/151152.869:ERROR:process_memory_win.cc(73)] ReadMemory at 0x1fd7ec0b030 of 64 bytes failed: Only part of a ReadProcessMemory or WriteProcessMemory request was completed. (0x12B)
[0202/151152.869:ERROR:process_memory_win.cc(73)] ReadMemory at 0x1fd7ec0b1c0 of 58 bytes failed: Only part of a ReadProcessMemory or WriteProcessMemory request was completed. (0x12B)
[0202/151152.869:ERROR:process_memory_win.cc(73)] ReadMemory at 0x1fd7ec0b350 of 64 bytes failed: Only part of a ReadProcessMemory or WriteProcessMemory request was completed. (0x12B)
[0202/151152.869:ERROR:process_memory_win.cc(73)] ReadMemory at 0x1fd7ec0b3a0 of 60 bytes failed: Only part of a ReadProcessMemory or WriteProcessMemory request was completed. (0x12B)
[0202/151152.869:ERROR:process_memory_win.cc(73)] ReadMemory at 0x1fd7ec0b3f0 of 64 bytes failed: Only part of a ReadProcessMemory or WriteProcessMemory request was completed. (0x12B)
[0202/151152.869:ERROR:process_memory_win.cc(73)] ReadMemory at 0x1fd7ec0b710 of 60 bytes failed: Only part of a ReadProcessMemory or WriteProcessMemory request was completed. (0x12B)
[0202/151152.869:ERROR:process_memory_win.cc(73)] ReadMemory at 0x1fd7ec0b940 of 62 bytes failed: Only part of a ReadProcessMemory or WriteProcessMemory request was completed. (0x12B)
[0202/151152.869:ERROR:process_memory_win.cc(73)] ReadMemory at 0x1fd7ec0b990 of 60 bytes failed: Only part of a ReadProcessMemory or WriteProcessMemory request was completed. (0x12B)
[0202/151152.869:ERROR:process_memory_win.cc(73)] ReadMemory at 0x1fd7ec10c60 of 80 bytes failed: Only part of a ReadProcessMemory or WriteProcessMemory request was completed. (0x12B)
[0202/151152.869:ERROR:process_memory_win.cc(73)] ReadMemory at 0x1fd7ec10d20 of 80 bytes failed: Only part of a ReadProcessMemory or WriteProcessMemory request was completed. (0x12B)
[0202/151152.869:ERROR:process_memory_win.cc(73)] ReadMemory at 0x1fd7ec13881 of 512 bytes failed: Only part of a ReadProcessMemory or WriteProcessMemory request was completed. (0x12B)
[0202/151152.869:ERROR:process_memory_win.cc(73)] ReadMemory at 0x1fd7ec14870 of 132 bytes failed: Only part of a ReadProcessMemory or WriteProcessMemory request was completed. (0x12B)
[0202/151152.869:ERROR:process_memory_win.cc(73)] ReadMemory at 0x1fd7ec14ad0 of 132 bytes failed: Only part of a ReadProcessMemory or WriteProcessMemory request was completed. (0x12B)
[0202/151152.869:ERROR:process_memory_win.cc(73)] ReadMemory at 0x1fd7ec14c00 of 132 bytes failed: Only part of a ReadProcessMemory or WriteProcessMemory request was completed. (0x12B)
[0202/151152.869:ERROR:process_memory_win.cc(73)] ReadMemory at 0x1fd7ec14d30 of 132 bytes failed: Only part of a ReadProcessMemory or WriteProcessMemory request was completed. (0x12B)
[0202/151152.869:ERROR:process_memory_win.cc(73)] ReadMemory at 0x1fd7ec14e60 of 132 bytes failed: Only part of a ReadProcessMemory or WriteProcessMemory request was completed. (0x12B)
[0202/151152.869:ERROR:process_memory_win.cc(73)] ReadMemory at 0x1fd7ec14f90 of 132 bytes failed: Only part of a ReadProcessMemory or WriteProcessMemory request was completed. (0x12B)
[0202/151152.869:ERROR:process_memory_win.cc(73)] ReadMemory at 0x1fd7ec150c0 of 132 bytes failed: Only part of a ReadProcessMemory or WriteProcessMemory request was completed. (0x12B)
[0202/151152.869:ERROR:process_memory_win.cc(73)] ReadMemory at 0x1fd7ec151f0 of 132 bytes failed: Only part of a ReadProcessMemory or WriteProcessMemory request was completed. (0x12B)
[0202/151152.869:ERROR:process_memory_win.cc(73)] ReadMemory at 0x1fd7ec15320 of 132 bytes failed: Only part of a ReadProcessMemory or WriteProcessMemory request was completed. (0x12B)
[0202/151152.869:ERROR:process_memory_win.cc(73)] ReadMemory at 0x1fd7ec15450 of 132 bytes failed: Only part of a ReadProcessMemory or WriteProcessMemory request was completed. (0x12B)
[0202/151152.869:ERROR:process_memory_win.cc(73)] ReadMemory at 0x1fd7ec15580 of 132 bytes failed: Only part of a ReadProcessMemory or WriteProcessMemory request was completed. (0x12B)
[0202/151152.869:ERROR:process_memory_win.cc(73)] ReadMemory at 0x1fd7ec156b0 of 132 bytes failed: Only part of a ReadProcessMemory or WriteProcessMemory request was completed. (0x12B)
[0202/151152.869:ERROR:process_memory_win.cc(73)] ReadMemory at 0x1fd7ec157e0 of 132 bytes failed: Only part of a ReadProcessMemory or WriteProcessMemory request was completed. (0x12B)
[0202/151152.869:ERROR:process_memory_win.cc(73)] ReadMemory at 0x1fd7ec15910 of 132 bytes failed: Only part of a ReadProcessMemory or WriteProcessMemory request was completed. (0x12B)
[0202/151152.869:ERROR:process_memory_win.cc(73)] ReadMemory at 0x1fd7ec15a40 of 132 bytes failed: Only part of a ReadProcessMemory or WriteProcessMemory request was completed. (0x12B)
[0202/151152.869:ERROR:process_memory_win.cc(73)] ReadMemory at 0x1fd7ec15b70 of 132 bytes failed: Only part of a ReadProcessMemory or WriteProcessMemory request was completed. (0x12B)
[0202/151152.869:ERROR:process_memory_win.cc(73)] ReadMemory at 0x1fd7ec15ca0 of 132 bytes failed: Only part of a ReadProcessMemory or WriteProcessMemory request was completed. (0x12B)
[0202/151152.869:ERROR:process_memory_win.cc(73)] ReadMemory at 0x1fd7ec15dd0 of 132 bytes failed: Only part of a ReadProcessMemory or WriteProcessMemory request was completed. (0x12B)
[0202/151152.869:ERROR:process_memory_win.cc(73)] ReadMemory at 0x1fd7ec16030 of 132 bytes failed: Only part of a ReadProcessMemory or WriteProcessMemory request was completed. (0x12B)
[0202/151152.869:ERROR:process_memory_win.cc(73)] ReadMemory at 0x1fd7ec16160 of 132 bytes failed: Only part of a ReadProcessMemory or WriteProcessMemory request was completed. (0x12B)
[0202/151152.869:ERROR:process_memory_win.cc(73)] ReadMemory at 0x1fd7ec16290 of 132 bytes failed: Only part of a ReadProcessMemory or WriteProcessMemory request was completed. (0x12B)
[0202/151152.869:ERROR:process_memory_win.cc(73)] ReadMemory at 0x1fd7ec163c0 of 132 bytes failed: Only part of a ReadProcessMemory or WriteProcessMemory request was completed. (0x12B)
[0202/151152.869:ERROR:process_memory_win.cc(73)] ReadMemory at 0x1fd7ec16620 of 132 bytes failed: Only part of a ReadProcessMemory or WriteProcessMemory request was completed. (0x12B)
[0202/151152.869:ERROR:process_memory_win.cc(73)] ReadMemory at 0x1fd7ec19150 of 248 bytes failed: Only part of a ReadProcessMemory or WriteProcessMemory request was completed. (0x12B)
[0202/151152.869:ERROR:process_memory_win.cc(73)] ReadMemory at 0x1fd7ec1c050 of 62 bytes failed: Only part of a ReadProcessMemory or WriteProcessMemory request was completed. (0x12B)
[0202/151152.869:ERROR:process_memory_win.cc(73)] ReadMemory at 0x1fd7ec1c2d0 of 56 bytes failed: Only part of a ReadProcessMemory or WriteProcessMemory request was completed. (0x12B)
[0202/151152.869:ERROR:process_memory_win.cc(73)] ReadMemory at 0x1fd7ec1c320 of 62 bytes failed: Only part of a ReadProcessMemory or WriteProcessMemory request was completed. (0x12B)
[0202/151152.869:ERROR:process_memory_win.cc(73)] ReadMemory at 0x1fd7ec1c370 of 64 bytes failed: Only part of a ReadProcessMemory or WriteProcessMemory request was completed. (0x12B)
[0202/151152.869:ERROR:process_memory_win.cc(73)] ReadMemory at 0x1fd7ec1c3c0 of 64 bytes failed: Only part of a ReadProcessMemory or WriteProcessMemory request was completed. (0x12B)
[0202/151152.869:ERROR:process_memory_win.cc(73)] ReadMemory at 0x1fd7ec1c460 of 64 bytes failed: Only part of a ReadProcessMemory or WriteProcessMemory request was completed. (0x12B)
[0202/151152.869:ERROR:process_memory_win.cc(73)] ReadMemory at 0x1fd7ec1c5f0 of 62 bytes failed: Only part of a ReadProcessMemory or WriteProcessMemory request was completed. (0x12B)
[0202/151152.869:ERROR:process_memory_win.cc(73)] ReadMemory at 0x1fd7ec1c640 of 60 bytes failed: Only part of a ReadProcessMemory or WriteProcessMemory request was completed. (0x12B)
[0202/151152.869:ERROR:process_memory_win.cc(73)] ReadMemory at 0x1fd7ec1c780 of 64 bytes failed: Only part of a ReadProcessMemory or WriteProcessMemory request was completed. (0x12B)
[0202/151152.869:ERROR:process_memory_win.cc(73)] ReadMemory at 0x1fd7ec1cc80 of 62 bytes failed: Only part of a ReadProcessMemory or WriteProcessMemory request was completed. (0x12B)
[0202/151152.869:ERROR:process_memory_win.cc(73)] ReadMemory at 0x1fd7ec1ccd0 of 60 bytes failed: Only part of a ReadProcessMemory or WriteProcessMemory request was completed. (0x12B)
[0202/151152.869:ERROR:process_memory_win.cc(73)] ReadMemory at 0x1fd7ec1cd70 of 62 bytes failed: Only part of a ReadProcessMemory or WriteProcessMemory request was completed. (0x12B)
[0202/151152.869:ERROR:process_memory_win.cc(73)] ReadMemory at 0x1fd7ec1cdc0 of 60 bytes failed: Only part of a ReadProcessMemory or WriteProcessMemory request was completed. (0x12B)
[0202/151152.869:ERROR:process_memory_win.cc(73)] ReadMemory at 0x1fd7ec1ce60 of 60 bytes failed: Only part of a ReadProcessMemory or WriteProcessMemory request was completed. (0x12B)
[0202/151152.869:ERROR:process_memory_win.cc(73)] ReadMemory at 0x1fd7ec1ceb0 of 58 bytes failed: Only part of a ReadProcessMemory or WriteProcessMemory request was completed. (0x12B)
[0202/151152.869:ERROR:process_memory_win.cc(73)] ReadMemory at 0x1fd7ec2a360 of 512 bytes failed: Only part of a ReadProcessMemory or WriteProcessMemory request was completed. (0x12B)
[0202/151152.869:ERROR:process_memory_win.cc(73)] ReadMemory at 0x1fd7ec2b2a0 of 512 bytes failed: Only part of a ReadProcessMemory or WriteProcessMemory request was completed. (0x12B)
[0202/151152.869:ERROR:process_memory_win.cc(73)] ReadMemory at 0x1fd7f170cd0 of 944 bytes failed: Only part of a ReadProcessMemory or WriteProcessMemory request was completed. (0x12B)
[0202/151152.869:ERROR:process_memory_win.cc(73)] ReadMemory at 0x1fd7f171cc0 of 512 bytes failed: Only part of a ReadProcessMemory or WriteProcessMemory request was completed. (0x12B)
[0202/151152.869:ERROR:process_memory_win.cc(73)] ReadMemory at 0x1fd7f270710 of 512 bytes failed: Only part of a ReadProcessMemory or WriteProcessMemory request was completed. (0x12B)
[0202/151152.869:ERROR:process_memory_win.cc(73)] ReadMemory at 0x1fd7f28a520 of 512 bytes failed: Only part of a ReadProcessMemory or WriteProcessMemory request was completed. (0x12B)
[0202/151152.869:ERROR:process_memory_win.cc(73)] ReadMemory at 0x1fd7f29a110 of 696 bytes failed: Only part of a ReadProcessMemory or WriteProcessMemory request was completed. (0x12B)
[0202/151152.869:ERROR:process_memory_win.cc(73)] ReadMemory at 0x1fd7f2b0ff1 of 512 bytes failed: Only part of a ReadProcessMemory or WriteProcessMemory request was completed. (0x12B)
[0202/151152.869:ERROR:process_memory_win.cc(73)] ReadMemory at 0x1fd7f3b0000 of 384 bytes failed: Only part of a ReadProcessMemory or WriteProcessMemory request was completed. (0x12B)
[0202/151152.869:ERROR:process_memory_win.cc(73)] ReadMemory at 0x862cb2d5ed0 of 512 bytes failed: Only part of a ReadProcessMemory or WriteProcessMemory request was completed. (0x12B)
[0202/151152.869:ERROR:process_memory_win.cc(73)] ReadMemory at 0x2aedb6b24790 of 512 bytes failed: Only part of a ReadProcessMemory or WriteProcessMemory request was completed. (0x12B)
[0202/151152.869:ERROR:process_memory_win.cc(73)] ReadMemory at 0x37715cbf4820 of 520 bytes failed: Only part of a ReadProcessMemory or WriteProcessMemory request was completed. (0x12B)
[0202/151152.869:ERROR:process_memory_win.cc(73)] ReadMemory at 0x5334a5c842c8 of 608 bytes failed: Only part of a ReadProcessMemory or WriteProcessMemory request was completed. (0x12B)
[0202/151152.869:ERROR:process_memory_win.cc(73)] ReadMemory at 0x7ff98d80533c of 512 bytes failed: Only part of a ReadProcessMemory or WriteProcessMemory request was completed. (0x12B)
[0202/151152.869:ERROR:process_memory_win.cc(73)] ReadMemory at 0x7ff98e9adf00 of 512 bytes failed: Only part of a ReadProcessMemory or WriteProcessMemory request was completed. (0x12B)
[0202/151152.869:ERROR:process_memory_win.cc(73)] ReadMemory at 0x7ff98f83409c of 512 bytes failed: Only part of a ReadProcessMemory or WriteProcessMemory request was completed. (0x12B)
[0202/151152.869:ERROR:process_memory_win.cc(73)] ReadMemory at 0x7ff98ff9deac of 512 bytes failed: Only part of a ReadProcessMemory or WriteProcessMemory request was completed. (0x12B)
[0202/151152.869:ERROR:process_memory_win.cc(73)] ReadMemory at 0x7ffa149ed788 of 512 bytes failed: Only part of a ReadProcessMemory or WriteProcessMemory request was completed. (0x12B)
[0202/151152.869:ERROR:process_memory_win.cc(73)] ReadMemory at 0x7ffa15d24a50 of 512 bytes failed: Only part of a ReadProcessMemory or WriteProcessMemory request was completed. (0x12B)
[0202/151152.869:ERROR:process_memory_win.cc(73)] ReadMemory at 0x7ffa16c8cd74 of 512 bytes failed: Only part of a ReadProcessMemory or WriteProcessMemory request was completed. (0x12B)
[0202/151152.869:ERROR:process_memory_win.cc(73)] ReadMemory at 0x7ffa16c8d374 of 512 bytes failed: Only part of a ReadProcessMemory or WriteProcessMemory request was completed. (0x12B)
[0202/151152.869:ERROR:process_memory_win.cc(73)] ReadMemory at 0x7ffa16c906e4 of 608 bytes failed: Only part of a ReadProcessMemory or WriteProcessMemory request was completed. (0x12B)
[0202/151152.869:ERROR:process_memory_win.cc(73)] ReadMemory at 0x7ffa16d20b30 of 18 bytes failed: Only part of a ReadProcessMemory or WriteProcessMemory request was completed. (0x12B)
[0202/151152.869:ERROR:process_memory_win.cc(73)] ReadMemory at 0x7ffa16d544f8 of 40 bytes failed: Only part of a ReadProcessMemory or WriteProcessMemory request was completed. (0x12B)
[0202/151152.869:ERROR:process_memory_win.cc(73)] ReadMemory at 0x7ffa16d54978 of 48 bytes failed: Only part of a ReadProcessMemory or WriteProcessMemory request was completed. (0x12B)
[0202/151152.869:ERROR:process_memory_win.cc(73)] ReadMemory at 0x7ffa16d5a4c0 of 64 bytes failed: Only part of a ReadProcessMemory or WriteProcessMemory request was completed. (0x12B)
[0202/151152.869:ERROR:scoped_process_suspend.cc(40)] NtResumeProcess: An attempt was made to access an exiting process. (0xc000010a)
